<?xml version="1.0" encoding="UTF-8"?>
<!-- Generated by org.testng.reporters.JUnitReportReporter -->
<testsuite hostname="LAPTOP-PPPJKIR7" name="chill.Screenshoot" tests="1" failures="0" timestamp="25 Mar 2019 04:38:16 GMT" time="11.923" errors="0">
  <testcase name="TestJavaS1" time="11.923" classname="chill.Screenshoot"/>
</testsuite> <!-- chill.Screenshoot -->
