<?xml version="1.0" encoding="UTF-8"?>
<!-- Generated by org.testng.reporters.JUnitReportReporter -->
<testsuite hostname="LAPTOP-PPPJKIR7" name="chill.HI" tests="2" failures="0" timestamp="14 Mar 2019 14:57:48 GMT" time="0.016" errors="0">
  <testcase name="test1" time="0.004" classname="chill.HI"/>
  <testcase name="test" time="0.012" classname="chill.HI"/>
</testsuite> <!-- chill.HI -->
