<?xml version="1.0" encoding="UTF-8"?>
<!-- Generated by org.testng.reporters.JUnitReportReporter -->
<testsuite hostname="LAPTOP-PPPJKIR7" name="tuesday.DemoA" tests="1" failures="0" timestamp="22 Feb 2019 03:29:01 GMT" time="0.021" errors="0">
  <testcase name="testA" time="0.021" classname="tuesday.DemoA"/>
</testsuite> <!-- tuesday.DemoA -->
