<?xml version="1.0" encoding="UTF-8"?>
<!-- Generated by org.testng.reporters.JUnitReportReporter -->
<testsuite hostname="LAPTOP-PPPJKIR7" name="qsp.Demo1" tests="1" failures="0" timestamp="4 Jun 2019 15:07:05 GMT" time="0.024" errors="0">
  <testcase name="test1" time="0.024" classname="qsp.Demo1"/>
</testsuite> <!-- qsp.Demo1 -->
