<?xml version="1.0" encoding="UTF-8"?>
<!-- Generated by org.testng.reporters.JUnitReportReporter -->
<testsuite hostname="LAPTOP-PPPJKIR7" name="tuesday.DemoB" tests="2" failures="0" timestamp="22 Feb 2019 03:29:01 GMT" time="0.017" errors="0">
  <testcase name="testB2" time="0.007" classname="tuesday.DemoB"/>
  <testcase name="testB1" time="0.010" classname="tuesday.DemoB"/>
</testsuite> <!-- tuesday.DemoB -->
