<?xml version="1.0" encoding="UTF-8"?>
<!-- Generated by org.testng.reporters.JUnitReportReporter -->
<testsuite hostname="LAPTOP-PPPJKIR7" name="script.ValidLogin" tests="1" failures="0" timestamp="1 Mar 2019 08:14:17 GMT" time="51.040" errors="0">
  <testcase name="testValidLogin" time="51.040" classname="script.ValidLogin"/>
</testsuite> <!-- script.ValidLogin -->
