<?xml version="1.0" encoding="UTF-8"?>
<!-- Generated by org.testng.reporters.JUnitReportReporter -->
<testsuite hostname="LAPTOP-PPPJKIR7" name="script.Demo1" tests="1" failures="0" timestamp="27 Feb 2019 15:13:38 GMT" time="10.430" errors="0">
  <testcase name="test2" time="10.430" classname="script.Demo1"/>
</testsuite> <!-- script.Demo1 -->
