<?xml version="1.0" encoding="UTF-8"?>
<!-- Generated by org.testng.reporters.JUnitReportReporter -->
<testsuite hostname="LAPTOP-PPPJKIR7" name="script.Demo2" tests="1" failures="0" timestamp="28 Feb 2019 16:23:42 GMT" time="28.600" errors="0">
  <testcase name="testDemoA" time="28.600" classname="script.Demo2"/>
</testsuite> <!-- script.Demo2 -->
