<?xml version="1.0" encoding="UTF-8"?>
<!-- Generated by org.testng.reporters.JUnitReportReporter -->
<testsuite hostname="LAPTOP-PPPJKIR7" name="script.InvalidLogin" tests="1" failures="0" timestamp="5 Mar 2019 13:14:43 GMT" time="23.875" errors="0">
  <testcase name="testInvalidLogin" time="23.875" classname="script.InvalidLogin"/>
</testsuite> <!-- script.InvalidLogin -->
